  Main.cpp
C:\Program Files (x86)\Windows Kits\10\Include\10.0.19041.0\shared\minwindef.h(130,1): warning C4005: “APIENTRY”: 宏重定义
D:\document\CODE\vs2019\openGL\myRaster\src\thirdParty\glad\glad.h(32): message : 参见“APIENTRY”的前一个定义
  Mesh.cpp
C:\Program Files (x86)\Windows Kits\10\Include\10.0.19041.0\shared\minwindef.h(130,1): warning C4005: “APIENTRY”: 宏重定义
D:\document\CODE\vs2019\openGL\myRaster\src\thirdParty\glad\glad.h(32): message : 参见“APIENTRY”的前一个定义
D:\document\CODE\vs2019\openGL\myRaster\src\Mesh.cpp(57,76): warning C4267: “参数”: 从“size_t”转换到“GLsizei”，可能丢失数据
  Model.cpp
C:\Program Files (x86)\Windows Kits\10\Include\10.0.19041.0\shared\minwindef.h(130,1): warning C4005: “APIENTRY”: 宏重定义
D:\document\CODE\vs2019\openGL\myRaster\src\thirdParty\glad\glad.h(32): message : 参见“APIENTRY”的前一个定义
D:\programefile\vs2022\VC\Tools\MSVC\14.33.31629\include\xutility(231,1): warning C4267: “参数”: 从“size_t”转换到“int”，可能丢失数据
D:\programefile\vs2022\VC\Tools\MSVC\14.33.31629\include\memory(2022): message : 查看对正在编译的函数 模板 实例化“void std::_Construct_in_place<_Ty,std::vector<Vertex,std::allocator<Vertex>>&,std::vector<unsigned int,std::allocator<T>>&,unsigned __int64>(_Ty &,std::vector<Vertex,std::allocator<Vertex>> &,std::vector<unsigned int,std::allocator<T>> &,unsigned __int64 &&) noexcept(false)”的引用
          with
          [
              _Ty=Mesh,
              T=fmt::v8::detail::bigint::bigit
          ]
D:\programefile\vs2022\VC\Tools\MSVC\14.33.31629\include\memory(2741): message : 查看对正在编译的函数 模板 实例化“std::_Ref_count_obj2<Mesh>::_Ref_count_obj2<std::vector<Vertex,std::allocator<Vertex>>&,std::vector<unsigned int,std::allocator<T>>&,_Ty>(std::vector<Vertex,std::allocator<Vertex>> &,std::vector<unsigned int,std::allocator<T>> &,_Ty &&)”的引用
          with
          [
              T=fmt::v8::detail::bigint::bigit,
              _Ty=unsigned __int64
          ]
D:\programefile\vs2022\VC\Tools\MSVC\14.33.31629\include\memory(2742): message : 查看对正在编译的函数 模板 实例化“std::_Ref_count_obj2<Mesh>::_Ref_count_obj2<std::vector<Vertex,std::allocator<Vertex>>&,std::vector<unsigned int,std::allocator<T>>&,_Ty>(std::vector<Vertex,std::allocator<Vertex>> &,std::vector<unsigned int,std::allocator<T>> &,_Ty &&)”的引用
          with
          [
              T=fmt::v8::detail::bigint::bigit,
              _Ty=unsigned __int64
          ]
D:\document\CODE\vs2019\openGL\myRaster\src\Model.cpp(217): message : 查看对正在编译的函数 模板 实例化“std::shared_ptr<Mesh> std::make_shared<Mesh,std::vector<Vertex,std::allocator<Vertex>>&,std::vector<unsigned int,std::allocator<T>>&,unsigned __int64>(std::vector<Vertex,std::allocator<Vertex>> &,std::vector<unsigned int,std::allocator<T>> &,unsigned __int64 &&)”的引用
          with
          [
              T=fmt::v8::detail::bigint::bigit
          ]
  Render.cpp
C:\Program Files (x86)\Windows Kits\10\Include\10.0.19041.0\shared\minwindef.h(130,1): warning C4005: “APIENTRY”: 宏重定义
D:\document\CODE\vs2019\openGL\myRaster\src\thirdParty\glad\glad.h(32): message : 参见“APIENTRY”的前一个定义
  Scene.cpp
D:\document\CODE\vs2019\openGL\myRaster\src\Scene.cpp(5,7): warning C4244: “初始化”: 从“double”转换到“float”，可能丢失数据
D:\document\CODE\vs2019\openGL\myRaster\src\Scene.cpp(116,71): warning C4267: “参数”: 从“size_t”转换到“GLuint”，可能丢失数据
LINK : warning LNK4098: 默认库“MSVCRTD”与其他库的使用冲突；请使用 /NODEFAULTLIB:library
  正在生成代码
  11 of 6793 functions ( 0.2%) were compiled, the rest were copied from previous compilation.
    0 functions were new in current compilation
    33 functions had inline decision re-evaluated but remain unchanged
  已完成代码的生成
  myRaster.vcxproj -> D:\document\CODE\vs2019\openGL\myRaster\x64\Release\myRaster.exe
