d:\document\code\vs2019\opengl\myraster\x64\release\vc143.pdb
d:\document\code\vs2019\opengl\myraster\x64\release\glad.obj
d:\document\code\vs2019\opengl\myraster\x64\release\imgui_widgets.obj
d:\document\code\vs2019\opengl\myraster\x64\release\imgui_tables.obj
d:\document\code\vs2019\opengl\myraster\x64\release\imgui_impl_opengl3.obj
d:\document\code\vs2019\opengl\myraster\x64\release\imgui_impl_glfw.obj
d:\document\code\vs2019\opengl\myraster\x64\release\imgui_draw.obj
d:\document\code\vs2019\opengl\myraster\x64\release\imgui_demo.obj
d:\document\code\vs2019\opengl\myraster\x64\release\imgui.obj
d:\document\code\vs2019\opengl\myraster\x64\release\hdrloader.obj
d:\document\code\vs2019\opengl\myraster\x64\release\texture.obj
d:\document\code\vs2019\opengl\myraster\x64\release\scene.obj
d:\document\code\vs2019\opengl\myraster\x64\release\render.obj
d:\document\code\vs2019\opengl\myraster\x64\release\model.obj
d:\document\code\vs2019\opengl\myraster\x64\release\mesh.obj
d:\document\code\vs2019\opengl\myraster\x64\release\material.obj
d:\document\code\vs2019\opengl\myraster\x64\release\main.obj
d:\document\code\vs2019\opengl\myraster\x64\release\log.obj
d:\document\code\vs2019\opengl\myraster\x64\release\myraster.exe
d:\document\code\vs2019\opengl\myraster\x64\release\myraster.pdb
d:\document\code\vs2019\opengl\myraster\x64\release\myraster.ipdb
d:\document\code\vs2019\opengl\myraster\x64\release\myraster.iobj
d:\document\code\vs2019\opengl\myraster\x64\release\myraster.tlog\cl.command.1.tlog
d:\document\code\vs2019\opengl\myraster\x64\release\myraster.tlog\cl.read.1.tlog
d:\document\code\vs2019\opengl\myraster\x64\release\myraster.tlog\cl.write.1.tlog
d:\document\code\vs2019\opengl\myraster\x64\release\myraster.tlog\link.command.1.tlog
d:\document\code\vs2019\opengl\myraster\x64\release\myraster.tlog\link.read.1.tlog
d:\document\code\vs2019\opengl\myraster\x64\release\myraster.tlog\link.write.1.tlog
d:\document\code\vs2019\opengl\myraster\x64\release\myraster.tlog\myraster.write.1u.tlog
