d:\document\code\vs2019\opengl\myraster\x64\debug\vc143.pdb
d:\document\code\vs2019\opengl\myraster\x64\debug\vc143.idb
d:\document\code\vs2019\opengl\myraster\x64\debug\glad.obj
d:\document\code\vs2019\opengl\myraster\x64\debug\imgui_widgets.obj
d:\document\code\vs2019\opengl\myraster\x64\debug\imgui_tables.obj
d:\document\code\vs2019\opengl\myraster\x64\debug\imgui_impl_opengl3.obj
d:\document\code\vs2019\opengl\myraster\x64\debug\imgui_impl_glfw.obj
d:\document\code\vs2019\opengl\myraster\x64\debug\imgui_draw.obj
d:\document\code\vs2019\opengl\myraster\x64\debug\imgui_demo.obj
d:\document\code\vs2019\opengl\myraster\x64\debug\imgui.obj
d:\document\code\vs2019\opengl\myraster\x64\debug\hdrloader.obj
d:\document\code\vs2019\opengl\myraster\x64\debug\texture.obj
d:\document\code\vs2019\opengl\myraster\x64\debug\scene.obj
d:\document\code\vs2019\opengl\myraster\x64\debug\render.obj
d:\document\code\vs2019\opengl\myraster\x64\debug\model.obj
d:\document\code\vs2019\opengl\myraster\x64\debug\mesh.obj
d:\document\code\vs2019\opengl\myraster\x64\debug\material.obj
d:\document\code\vs2019\opengl\myraster\x64\debug\main.obj
d:\document\code\vs2019\opengl\myraster\x64\debug\log.obj
d:\document\code\vs2019\opengl\myraster\x64\debug\myraster.exe
d:\document\code\vs2019\opengl\myraster\x64\debug\myraster.ilk
d:\document\code\vs2019\opengl\myraster\x64\debug\myraster.pdb
d:\document\code\vs2019\opengl\myraster\x64\debug\render.obj.enc
d:\document\code\vs2019\opengl\myraster\x64\debug\scene.obj.enc
d:\document\code\vs2019\opengl\myraster\x64\debug\myraster.tlog\cl.command.1.tlog
d:\document\code\vs2019\opengl\myraster\x64\debug\myraster.tlog\cl.read.1.tlog
d:\document\code\vs2019\opengl\myraster\x64\debug\myraster.tlog\cl.write.1.tlog
d:\document\code\vs2019\opengl\myraster\x64\debug\myraster.tlog\link.command.1.tlog
d:\document\code\vs2019\opengl\myraster\x64\debug\myraster.tlog\link.read.1.tlog
d:\document\code\vs2019\opengl\myraster\x64\debug\myraster.tlog\link.write.1.tlog
